<?xml version="1.0" encoding="UTF-8"?>
<!-- Generated by org.testng.reporters.JUnitReportReporter -->
<testsuite hostname="DESKTOP-C83HSKL" failures="0" tests="1" name="Clothing.ClothingWebsite.RemoveProductsFromCart" time="43.453" errors="0" timestamp="2024-05-23T17:32:36 IST" skipped="0">
  <testcase classname="Clothing.ClothingWebsite.RemoveProductsFromCart" name="removeProducts" time="43.453"/>
</testsuite> <!-- Clothing.ClothingWebsite.RemoveProductsFromCart -->
