<?xml version="1.0" encoding="UTF-8"?>
<!-- Generated by org.testng.reporters.JUnitReportReporter -->
<testsuite hostname="DESKTOP-C83HSKL" failures="0" tests="1" name="Clothing.ClothingWebsite.multipleProducts" time="52.627" errors="0" timestamp="2024-05-23T16:11:44 IST" skipped="0">
  <testcase classname="Clothing.ClothingWebsite.multipleProducts" name="submitMultipleProductOrder" time="52.627"/>
</testsuite> <!-- Clothing.ClothingWebsite.multipleProducts -->
