<?xml version="1.0" encoding="UTF-8"?>
<!-- Generated by org.testng.reporters.JUnitReportReporter -->
<testsuite hostname="DESKTOP-C83HSKL" failures="0" tests="1" name="Clothing.ClothingWebsite.SearchProductByName" time="229.936" errors="0" timestamp="2024-05-23T13:54:43 IST" skipped="0">
  <testcase classname="Clothing.ClothingWebsite.SearchProductByName" name="submitOrderBySearchProduct" time="229.936"/>
</testsuite> <!-- Clothing.ClothingWebsite.SearchProductByName -->
