<?xml version="1.0" encoding="UTF-8"?>
<!-- Generated by org.testng.reporters.JUnitReportReporter -->
<testsuite hostname="DESKTOP-C83HSKL" failures="0" tests="1" name="Clothing.ClothingWebsite.SubmitOrderStandalone" time="27.247" errors="0" timestamp="2024-05-19T09:41:22 IST" skipped="0">
  <testcase classname="Clothing.ClothingWebsite.SubmitOrderStandalone" name="submitOrder" time="27.247"/>
</testsuite> <!-- Clothing.ClothingWebsite.SubmitOrderStandalone -->
